2018-12-31 18:34:48,261  INFO [main] WebEventListener:19 - Before navigating to: 'https://www.freecrm.com'
2018-12-31 18:35:39,195 ERROR [main] WebEventListener:60 - Exception occured: org.openqa.selenium.TimeoutException: timeout
  (Session info: chrome=71.0.3578.98)
  (Driver info: chromedriver=2.40.565498 (ea082db3280dd6843ebfb08a625e3eb905c4f5ab),platform=Windows NT 10.0.17134 x86_64) (WARNING: The server did not provide any stacktrace information)
Command duration or timeout: 0 milliseconds
Build info: version: '3.141.59', revision: 'e82be7d358', time: '2018-11-14T08:17:03'
System info: host: 'LOGESH', ip: '192.168.204.1', os.name: 'Windows 10', os.arch: 'amd64', os.version: '10.0', java.version: '1.8.0_131'
Driver info: org.openqa.selenium.chrome.ChromeDriver
Capabilities {acceptInsecureCerts: false, acceptSslCerts: false, applicationCacheEnabled: false, browserConnectionEnabled: false, browserName: chrome, chrome: {chromedriverVersion: 2.40.565498 (ea082db3280dd6..., userDataDir: C:\Users\LOGESH~1\AppData\L...}, cssSelectorsEnabled: true, databaseEnabled: false, handlesAlerts: true, hasTouchScreen: false, javascriptEnabled: true, locationContextEnabled: true, mobileEmulationEnabled: false, nativeEvents: true, networkConnectionEnabled: false, pageLoadStrategy: normal, platform: XP, platformName: XP, rotatable: false, setWindowRect: true, takesHeapSnapshot: true, takesScreenshot: true, unexpectedAlertBehaviour: , unhandledPromptBehavior: , version: 71.0.3578.98, webStorageEnabled: true}
Session ID: 4dbf5a8331de9c7d49fcf5561f5fc8d1
2018-12-31 18:36:10,433  INFO [main] WebEventListener:19 - Before navigating to: 'https://www.freecrm.com'
2018-12-31 18:36:39,081  INFO [main] WebEventListener:23 - Navigated to:'https://www.freecrm.com'
2018-12-31 18:36:46,357  INFO [main] WebEventListener:69 - Trying to find Element By : By.xpath: //iframe[contains(@name, 'intercom-borderless-frame')]
2018-12-31 18:36:58,356 ERROR [main] WebEventListener:60 - Exception occured: org.openqa.selenium.NoSuchElementException: no such element: Unable to locate element: {"method":"xpath","selector":"//iframe[contains(@name, 'intercom-borderless-frame')]"}
  (Session info: chrome=71.0.3578.98)
  (Driver info: chromedriver=2.40.565498 (ea082db3280dd6843ebfb08a625e3eb905c4f5ab),platform=Windows NT 10.0.17134 x86_64) (WARNING: The server did not provide any stacktrace information)
Command duration or timeout: 0 milliseconds
For documentation on this error, please visit: https://www.seleniumhq.org/exceptions/no_such_element.html
Build info: version: '3.141.59', revision: 'e82be7d358', time: '2018-11-14T08:17:03'
System info: host: 'LOGESH', ip: '192.168.204.1', os.name: 'Windows 10', os.arch: 'amd64', os.version: '10.0', java.version: '1.8.0_131'
Driver info: org.openqa.selenium.chrome.ChromeDriver
Capabilities {acceptInsecureCerts: false, acceptSslCerts: false, applicationCacheEnabled: false, browserConnectionEnabled: false, browserName: chrome, chrome: {chromedriverVersion: 2.40.565498 (ea082db3280dd6..., userDataDir: C:\Users\LOGESH~1\AppData\L...}, cssSelectorsEnabled: true, databaseEnabled: false, handlesAlerts: true, hasTouchScreen: false, javascriptEnabled: true, locationContextEnabled: true, mobileEmulationEnabled: false, nativeEvents: true, networkConnectionEnabled: false, pageLoadStrategy: normal, platform: XP, platformName: XP, rotatable: false, setWindowRect: true, takesHeapSnapshot: true, takesScreenshot: true, unexpectedAlertBehaviour: , unhandledPromptBehavior: , version: 71.0.3578.98, webStorageEnabled: true}
Session ID: 4f1e0d5a7e57e415b3475c141080a8c3
*** Element info: {Using=xpath, value=//iframe[contains(@name, 'intercom-borderless-frame')]}
2018-12-31 18:36:58,858  INFO [main] WebEventListener:69 - Trying to find Element By : By.xpath: //iframe[contains(@name, 'intercom-borderless-frame')]
2018-12-31 18:36:59,612  INFO [main] WebEventListener:73 - Found Element By : By.xpath: //iframe[contains(@name, 'intercom-borderless-frame')]
2018-12-31 18:37:00,396 ERROR [main] WebEventListener:60 - Exception occured: org.openqa.selenium.UnsupportedCommandException: actions
Build info: version: '3.141.59', revision: 'e82be7d358', time: '2018-11-14T08:17:03'
System info: host: 'LOGESH', ip: '192.168.204.1', os.name: 'Windows 10', os.arch: 'amd64', os.version: '10.0', java.version: '1.8.0_131'
Driver info: driver.version: EventFiringWebDriver
2018-12-31 18:37:00,398  INFO [main] WebEventListener:69 - Trying to find Element By : By.xpath: //span[text()='Cogmento']
2018-12-31 18:37:00,472  INFO [main] WebEventListener:73 - Found Element By : By.xpath: //span[text()='Cogmento']
2018-12-31 18:37:02,523  INFO [main] WebEventListener:69 - Trying to find Element By : By.xpath: //*[@role='button']
2018-12-31 18:37:02,560  INFO [main] WebEventListener:73 - Found Element By : By.xpath: //*[@role='button']
2018-12-31 18:37:02,561  INFO [main] WebEventListener:36 - Trying to click on: [[ChromeDriver: chrome on XP (4f1e0d5a7e57e415b3475c141080a8c3)] -> xpath: //*[@role='button']]
2018-12-31 18:37:03,927  INFO [main] WebEventListener:40 - Clicked on: [[ChromeDriver: chrome on XP (4f1e0d5a7e57e415b3475c141080a8c3)] -> xpath: //*[@role='button']]
2018-12-31 18:37:03,929  INFO [main] WebEventListener:69 - Trying to find Element By : By.name: username
2018-12-31 18:37:03,975  INFO [main] WebEventListener:73 - Found Element By : By.name: username
2018-12-31 18:37:05,560  INFO [main] WebEventListener:69 - Trying to find Element By : By.xpath: //*[@type='password']
2018-12-31 18:37:05,607  INFO [main] WebEventListener:73 - Found Element By : By.xpath: //*[@type='password']
2018-12-31 18:37:05,811  INFO [main] WebEventListener:69 - Trying to find Element By : By.cssSelector: input[value='Login']
2018-12-31 18:37:05,847  INFO [main] WebEventListener:73 - Found Element By : By.cssSelector: input[value='Login']
2018-12-31 18:37:05,849  INFO [main] WebEventListener:36 - Trying to click on: [[ChromeDriver: chrome on XP (4f1e0d5a7e57e415b3475c141080a8c3)] -> css selector: input[value='Login']]
2018-12-31 18:37:20,361  INFO [main] WebEventListener:40 - Clicked on: [[ChromeDriver: chrome on XP (4f1e0d5a7e57e415b3475c141080a8c3)] -> css selector: input[value='Login']]
2018-12-31 18:37:21,139  INFO [main] HomePageTest:36 - Homepage title is CRMPRO
2018-12-31 18:37:21,254  INFO [main] HomePageTest:38 - Homepage title is verified
